0 info it worked if it ends with ok
1 verbose cli [ '/opt/nodejs/bin/node',
1 verbose cli   '/usr/local/bin/npm',
1 verbose cli   'install',
1 verbose cli   'nodeevdev',
1 verbose cli   '-g' ]
2 info using npm@4.1.2
3 info using node@v7.7.1
4 silly loadCurrentTree Starting
5 silly install loadCurrentTree
6 silly install readGlobalPackageData
7 silly fetchPackageMetaData nodeevdev
8 silly fetchNamedPackageData nodeevdev
9 silly mapToRegistry name nodeevdev
10 silly mapToRegistry using default registry
11 silly mapToRegistry registry https://registry.npmjs.org/
12 silly mapToRegistry data Result {
12 silly mapToRegistry   raw: 'nodeevdev',
12 silly mapToRegistry   scope: null,
12 silly mapToRegistry   escapedName: 'nodeevdev',
12 silly mapToRegistry   name: 'nodeevdev',
12 silly mapToRegistry   rawSpec: '',
12 silly mapToRegistry   spec: 'latest',
12 silly mapToRegistry   type: 'tag' }
13 silly mapToRegistry uri https://registry.npmjs.org/nodeevdev
14 verbose request uri https://registry.npmjs.org/nodeevdev
15 verbose request no auth needed
16 info attempt registry request try #1 at 12:12:57 PM
17 verbose request id 504bfead00047dd1
18 http request GET https://registry.npmjs.org/nodeevdev
19 http 200 https://registry.npmjs.org/nodeevdev
20 verbose headers { server: 'nginx/1.10.1',
20 verbose headers   'content-type': 'application/json',
20 verbose headers   'last-modified': 'Sat, 02 Jan 2016 22:45:54 GMT',
20 verbose headers   etag: 'W/"56885322-1311"',
20 verbose headers   'content-encoding': 'gzip',
20 verbose headers   'cache-control': 'max-age=300',
20 verbose headers   'content-length': '1575',
20 verbose headers   'accept-ranges': 'bytes',
20 verbose headers   date: 'Wed, 10 May 2017 17:12:58 GMT',
20 verbose headers   via: '1.1 varnish',
20 verbose headers   age: '0',
20 verbose headers   connection: 'keep-alive',
20 verbose headers   'x-served-by': 'cache-dfw1846-DFW',
20 verbose headers   'x-cache': 'MISS',
20 verbose headers   'x-cache-hits': '0',
20 verbose headers   'x-timer': 'S1494436379.687031,VS0,VE170',
20 verbose headers   vary: 'Accept-Encoding' }
21 silly get cb [ 200,
21 silly get   { server: 'nginx/1.10.1',
21 silly get     'content-type': 'application/json',
21 silly get     'last-modified': 'Sat, 02 Jan 2016 22:45:54 GMT',
21 silly get     etag: 'W/"56885322-1311"',
21 silly get     'content-encoding': 'gzip',
21 silly get     'cache-control': 'max-age=300',
21 silly get     'content-length': '1575',
21 silly get     'accept-ranges': 'bytes',
21 silly get     date: 'Wed, 10 May 2017 17:12:58 GMT',
21 silly get     via: '1.1 varnish',
21 silly get     age: '0',
21 silly get     connection: 'keep-alive',
21 silly get     'x-served-by': 'cache-dfw1846-DFW',
21 silly get     'x-cache': 'MISS',
21 silly get     'x-cache-hits': '0',
21 silly get     'x-timer': 'S1494436379.687031,VS0,VE170',
21 silly get     vary: 'Accept-Encoding' } ]
22 verbose get saving nodeevdev to /root/.npm/registry.npmjs.org/nodeevdev/.cache.json
23 verbose correctMkdir /root/.npm correctMkdir not in flight; initializing
24 silly install normalizeTree
25 silly loadCurrentTree Finishing
26 silly loadIdealTree Starting
27 silly install loadIdealTree
28 silly cloneCurrentTree Starting
29 silly install cloneCurrentTreeToIdealTree
30 silly cloneCurrentTree Finishing
31 silly loadShrinkwrap Starting
32 silly install loadShrinkwrap
33 silly loadShrinkwrap Finishing
34 silly loadAllDepsIntoIdealTree Starting
35 silly install loadAllDepsIntoIdealTree
36 silly resolveWithNewModule nodeevdev@1.0.1 checking installable status
37 silly cache add args [ 'nodeevdev', null ]
38 verbose cache add spec nodeevdev
39 silly cache add parsed spec Result {
39 silly cache add   raw: 'nodeevdev',
39 silly cache add   scope: null,
39 silly cache add   escapedName: 'nodeevdev',
39 silly cache add   name: 'nodeevdev',
39 silly cache add   rawSpec: '',
39 silly cache add   spec: 'latest',
39 silly cache add   type: 'tag' }
40 silly addNamed nodeevdev@latest
41 verbose addNamed "latest" is being treated as a dist-tag for nodeevdev
42 info addNameTag [ 'nodeevdev', 'latest' ]
43 silly mapToRegistry name nodeevdev
44 silly mapToRegistry using default registry
45 silly mapToRegistry registry https://registry.npmjs.org/
46 silly mapToRegistry data Result {
46 silly mapToRegistry   raw: 'nodeevdev',
46 silly mapToRegistry   scope: null,
46 silly mapToRegistry   escapedName: 'nodeevdev',
46 silly mapToRegistry   name: 'nodeevdev',
46 silly mapToRegistry   rawSpec: '',
46 silly mapToRegistry   spec: 'latest',
46 silly mapToRegistry   type: 'tag' }
47 silly mapToRegistry uri https://registry.npmjs.org/nodeevdev
48 verbose addNameTag registry:https://registry.npmjs.org/nodeevdev not in flight; fetching
49 verbose get https://registry.npmjs.org/nodeevdev not expired, no request
50 silly addNameTag next cb for nodeevdev with tag latest
51 silly addNamed nodeevdev@1.0.1
52 verbose addNamed "1.0.1" is a plain semver version for nodeevdev
53 silly mapToRegistry name nodeevdev
54 silly mapToRegistry using default registry
55 silly mapToRegistry registry https://registry.npmjs.org/
56 silly mapToRegistry data Result {
56 silly mapToRegistry   raw: 'nodeevdev',
56 silly mapToRegistry   scope: null,
56 silly mapToRegistry   escapedName: 'nodeevdev',
56 silly mapToRegistry   name: 'nodeevdev',
56 silly mapToRegistry   rawSpec: '',
56 silly mapToRegistry   spec: 'latest',
56 silly mapToRegistry   type: 'tag' }
57 silly mapToRegistry uri https://registry.npmjs.org/nodeevdev
58 verbose addRemoteTarball https://registry.npmjs.org/nodeevdev/-/nodeevdev-1.0.1.tgz not in flight; adding
59 verbose addRemoteTarball [ 'https://registry.npmjs.org/nodeevdev/-/nodeevdev-1.0.1.tgz',
59 verbose addRemoteTarball   '67f2d278752f377d4c24d264a6b3b90f96f70e41' ]
60 info retry fetch attempt 1 at 12:13:00 PM
61 info attempt registry request try #1 at 12:13:00 PM
62 http fetch GET https://registry.npmjs.org/nodeevdev/-/nodeevdev-1.0.1.tgz
63 http fetch 200 https://registry.npmjs.org/nodeevdev/-/nodeevdev-1.0.1.tgz
64 silly fetchAndShaCheck shasum 67f2d278752f377d4c24d264a6b3b90f96f70e41
65 verbose addTmpTarball /tmp/npm-27963-e4b0045c/registry.npmjs.org/nodeevdev/-/nodeevdev-1.0.1.tgz not in flight; adding
66 verbose addTmpTarball already have metadata; skipping unpack for nodeevdev@1.0.1
67 verbose correctMkdir /root/.npm correctMkdir not in flight; initializing
68 silly cache afterAdd nodeevdev@1.0.1
69 verbose afterAdd /root/.npm/nodeevdev/1.0.1/package/package.json not in flight; writing
70 verbose correctMkdir /root/.npm correctMkdir not in flight; initializing
71 verbose afterAdd /root/.npm/nodeevdev/1.0.1/package/package.json written
72 silly loadAllDepsIntoIdealTree Finishing
73 silly loadIdealTree Finishing
74 silly currentTree lib
75 silly idealTree lib
75 silly idealTree └── nodeevdev@1.0.1
76 silly generateActionsToTake Starting
77 silly install generateActionsToTake
78 silly generateActionsToTake Finishing
79 silly diffTrees action count 1
80 silly diffTrees add nodeevdev@1.0.1
81 silly decomposeActions action count 8
82 silly decomposeActions fetch nodeevdev@1.0.1
83 silly decomposeActions extract nodeevdev@1.0.1
84 silly decomposeActions test nodeevdev@1.0.1
85 silly decomposeActions preinstall nodeevdev@1.0.1
86 silly decomposeActions build nodeevdev@1.0.1
87 silly decomposeActions install nodeevdev@1.0.1
88 silly decomposeActions postinstall nodeevdev@1.0.1
89 silly decomposeActions finalize nodeevdev@1.0.1
90 silly runTopLevelLifecycles Starting
91 silly executeActions Starting
92 silly install executeActions
93 silly doSerial global-install 0
94 silly doParallel fetch 1
95 verbose correctMkdir /root/.npm/_locks correctMkdir not in flight; initializing
96 verbose lock using /root/.npm/_locks/staging-64689f1deb8f5141.lock for /opt/nodejs/lib/node_modules/.staging
97 silly doParallel extract 1
98 silly extract nodeevdev@1.0.1
99 verbose unbuild lib/node_modules/.staging/nodeevdev-b86a171a
100 silly gentlyRm /opt/nodejs/lib/node_modules/.staging/nodeevdev-b86a171a is being purged from base /opt/nodejs
101 verbose gentlyRm don't care about contents; nuking /opt/nodejs/lib/node_modules/.staging/nodeevdev-b86a171a
102 verbose tar unpack /root/.npm/nodeevdev/1.0.1/package.tgz
103 verbose tar unpacking to /opt/nodejs/lib/node_modules/.staging/nodeevdev-b86a171a
104 silly gentlyRm /opt/nodejs/lib/node_modules/.staging/nodeevdev-b86a171a is being purged
105 verbose gentlyRm don't care about contents; nuking /opt/nodejs/lib/node_modules/.staging/nodeevdev-b86a171a
106 silly gunzTarPerm modes [ '755', '644' ]
107 silly gunzTarPerm extractEntry package.json
108 silly gunzTarPerm modified mode [ 'package.json', 436, 420 ]
109 silly gunzTarPerm extractEntry README.md
110 silly gunzTarPerm modified mode [ 'README.md', 436, 420 ]
111 silly gunzTarPerm extractEntry LICENSE
112 silly gunzTarPerm modified mode [ 'LICENSE', 436, 420 ]
113 silly gunzTarPerm extractEntry index.js
114 silly gunzTarPerm modified mode [ 'index.js', 436, 420 ]
115 silly gunzTarPerm extractEntry binding.gyp
116 silly gunzTarPerm modified mode [ 'binding.gyp', 436, 420 ]
117 silly gunzTarPerm extractEntry src/evdev.cpp
118 silly gunzTarPerm modified mode [ 'src/evdev.cpp', 436, 420 ]
119 silly gunzTarPerm extractEntry src/evdev.h
120 silly gunzTarPerm modified mode [ 'src/evdev.h', 436, 420 ]
121 silly gentlyRm /opt/nodejs/lib/node_modules/.staging/nodeevdev-b86a171a/node_modules is being purged
122 verbose gentlyRm don't care about contents; nuking /opt/nodejs/lib/node_modules/.staging/nodeevdev-b86a171a/node_modules
123 silly doParallel preinstall 1
124 silly preinstall nodeevdev@1.0.1
125 info lifecycle nodeevdev@1.0.1~preinstall: nodeevdev@1.0.1
126 warn lifecycle nodeevdev@1.0.1~preinstall: cannot run in wd %s %s (wd=%s) nodeevdev@1.0.1 (pkg-config libevdev --exists) || (echo Sorry, you need to install libevdev2 and development headers libevdev-dev to build this module.; exit 1) /opt/nodejs/lib/node_modules/.staging/nodeevdev-b86a171a
127 silly doReverseSerial remove 0
128 silly doSerial move 0
129 silly doSerial finalize 1
130 silly finalize /opt/nodejs/lib/node_modules/nodeevdev
131 silly doSerial build 1
132 silly build nodeevdev@1.0.1
133 info linkStuff nodeevdev@1.0.1
134 silly linkStuff nodeevdev@1.0.1 has /opt/nodejs/lib/node_modules as its parent node_modules
135 silly linkStuff nodeevdev@1.0.1 is part of a global install
136 silly linkStuff nodeevdev@1.0.1 is installed into a global node_modules
137 silly linkStuff nodeevdev@1.0.1 is installed into the top-level global node_modules
138 verbose linkBins nodeevdev@1.0.1
139 verbose linkMans nodeevdev@1.0.1
140 silly doSerial global-link 0
141 silly doParallel update-linked 0
142 silly doSerial install 1
143 silly install nodeevdev@1.0.1
144 info lifecycle nodeevdev@1.0.1~install: nodeevdev@1.0.1
145 verbose lifecycle nodeevdev@1.0.1~install: unsafe-perm in lifecycle false
146 verbose lifecycle nodeevdev@1.0.1~install: PATH: /opt/nodejs/lib/node_modules/npm/bin/node-gyp-bin:/opt/nodejs/lib/node_modules/nodeevdev/node_modules/.bin:/opt/nodejs/lib/node_modules/.bin:/usr/local/sbin:/usr/local/bin:/usr/sbin:/usr/bin:/sbin:/bin
147 verbose lifecycle nodeevdev@1.0.1~install: CWD: /opt/nodejs/lib/node_modules/nodeevdev
148 silly lifecycle nodeevdev@1.0.1~install: Args: [ '-c', '(node-gyp rebuild 2> builderror.log) || (exit 1)' ]
149 silly lifecycle nodeevdev@1.0.1~install: Returned: code: 1  signal: null
150 info lifecycle nodeevdev@1.0.1~install: Failed to exec install script
151 verbose unlock done using /root/.npm/_locks/staging-64689f1deb8f5141.lock for /opt/nodejs/lib/node_modules/.staging
152 silly rollbackFailedOptional Starting
153 silly gentlyRm /opt/nodejs/lib/node_modules/nodeevdev is being purged from base /opt/nodejs/lib
154 verbose gentlyRm don't care about contents; nuking /opt/nodejs/lib/node_modules/nodeevdev
155 silly gentlyRm /opt/nodejs/lib/node_modules/nodeevdev is being purged from base /opt/nodejs/lib
156 verbose gentlyRm don't care about contents; nuking /opt/nodejs/lib/node_modules/nodeevdev
157 silly gentlyRm /opt/nodejs/lib/node_modules/nodeevdev is being purged from base /opt/nodejs/lib
158 verbose gentlyRm don't care about contents; nuking /opt/nodejs/lib/node_modules/nodeevdev
159 silly gentlyRm /opt/nodejs/lib/node_modules/nodeevdev is being purged from base /opt/nodejs/lib
160 verbose gentlyRm don't care about contents; nuking /opt/nodejs/lib/node_modules/nodeevdev
161 silly gentlyRm /opt/nodejs/lib/node_modules/nodeevdev is being purged from base /opt/nodejs/lib
162 verbose gentlyRm don't care about contents; nuking /opt/nodejs/lib/node_modules/nodeevdev
163 silly gentlyRm /opt/nodejs/lib/node_modules/nodeevdev is being purged from base /opt/nodejs/lib
164 verbose gentlyRm don't care about contents; nuking /opt/nodejs/lib/node_modules/nodeevdev
165 silly gentlyRm /opt/nodejs/lib/node_modules/nodeevdev is being purged from base /opt/nodejs/lib
166 verbose gentlyRm don't care about contents; nuking /opt/nodejs/lib/node_modules/nodeevdev
167 silly gentlyRm /opt/nodejs/lib/node_modules/nodeevdev is being purged from base /opt/nodejs/lib
168 verbose gentlyRm don't care about contents; nuking /opt/nodejs/lib/node_modules/nodeevdev
169 silly vacuum-fs purging /opt/nodejs/lib/node_modules/nodeevdev
170 silly vacuum-fs purging /opt/nodejs/lib/node_modules/nodeevdev
171 silly vacuum-fs purging /opt/nodejs/lib/node_modules/nodeevdev
172 silly vacuum-fs purging /opt/nodejs/lib/node_modules/nodeevdev
173 silly vacuum-fs purging /opt/nodejs/lib/node_modules/nodeevdev
174 silly vacuum-fs purging /opt/nodejs/lib/node_modules/nodeevdev
175 silly vacuum-fs purging /opt/nodejs/lib/node_modules/nodeevdev
176 silly vacuum-fs purging /opt/nodejs/lib/node_modules/nodeevdev
177 silly vacuum-fs quitting because other entries in /opt/nodejs/lib/node_modules
178 silly vacuum-fs quitting because other entries in /opt/nodejs/lib/node_modules
179 silly vacuum-fs quitting because other entries in /opt/nodejs/lib/node_modules
180 silly vacuum-fs quitting because other entries in /opt/nodejs/lib/node_modules
181 silly vacuum-fs quitting because other entries in /opt/nodejs/lib/node_modules
182 silly vacuum-fs quitting because other entries in /opt/nodejs/lib/node_modules
183 silly vacuum-fs quitting because other entries in /opt/nodejs/lib/node_modules
184 silly vacuum-fs quitting because other entries in /opt/nodejs/lib/node_modules
185 silly rollbackFailedOptional Finishing
186 silly runTopLevelLifecycles Finishing
187 silly install printInstalled
188 verbose stack Error: nodeevdev@1.0.1 install: `(node-gyp rebuild 2> builderror.log) || (exit 1)`
188 verbose stack Exit status 1
188 verbose stack     at EventEmitter.<anonymous> (/opt/nodejs/lib/node_modules/npm/lib/utils/lifecycle.js:279:16)
188 verbose stack     at emitTwo (events.js:106:13)
188 verbose stack     at EventEmitter.emit (events.js:194:7)
188 verbose stack     at ChildProcess.<anonymous> (/opt/nodejs/lib/node_modules/npm/lib/utils/spawn.js:40:14)
188 verbose stack     at emitTwo (events.js:106:13)
188 verbose stack     at ChildProcess.emit (events.js:194:7)
188 verbose stack     at maybeClose (internal/child_process.js:899:16)
188 verbose stack     at Process.ChildProcess._handle.onexit (internal/child_process.js:226:5)
189 verbose pkgid nodeevdev@1.0.1
190 verbose cwd /home/pi/MagicMirror/modules/MMM-KeyBindings
191 error Linux 4.4.50+
192 error argv "/opt/nodejs/bin/node" "/usr/local/bin/npm" "install" "nodeevdev" "-g"
193 error node v7.7.1
194 error npm  v4.1.2
195 error code ELIFECYCLE
196 error nodeevdev@1.0.1 install: `(node-gyp rebuild 2> builderror.log) || (exit 1)`
196 error Exit status 1
197 error Failed at the nodeevdev@1.0.1 install script '(node-gyp rebuild 2> builderror.log) || (exit 1)'.
197 error Make sure you have the latest version of node.js and npm installed.
197 error If you do, this is most likely a problem with the nodeevdev package,
197 error not with npm itself.
197 error Tell the author that this fails on your system:
197 error     (node-gyp rebuild 2> builderror.log) || (exit 1)
197 error You can get information on how to open an issue for this project with:
197 error     npm bugs nodeevdev
197 error Or if that isn't available, you can get their info via:
197 error     npm owner ls nodeevdev
197 error There is likely additional logging output above.
198 verbose exit [ 1, true ]
